rake aborted!
NoMethodError: undefined method `id' for nil:NilClass
/home/yuri/workspace/ruby/shipping_watcher/lib/shipping_watcher/tracker.rb:64:in `status_id'
/home/yuri/workspace/ruby/shipping_watcher/lib/shipping_watcher/tracker.rb:42:in `status_changed?'
/home/yuri/workspace/ruby/shipping_watcher/lib/shipping_watcher/tracker.rb:71:in `block in verify_status_change'
/home/yuri/workspace/ruby/shipping_watcher/vendor/bundle/ruby/2.1.0/gems/activerecord-4.1.4/lib/active_record/relation/delegation.rb:46:in `each'
/home/yuri/workspace/ruby/shipping_watcher/vendor/bundle/ruby/2.1.0/gems/activerecord-4.1.4/lib/active_record/relation/delegation.rb:46:in `each'
/home/yuri/workspace/ruby/shipping_watcher/lib/shipping_watcher/tracker.rb:69:in `verify_status_change'
/home/yuri/workspace/ruby/shipping_watcher/lib/tasks/shipping_watcher.rake:5:in `block (2 levels) in <top (required)>'
Tasks: TOP => shipping_watcher:status_change
(See full trace by running task with --trace)
Loading development environment
rake aborted!
NoMethodError: undefined method `id' for nil:NilClass
/home/yuri/workspace/ruby/shipping_watcher/lib/shipping_watcher/tracker.rb:64:in `status_id'
/home/yuri/workspace/ruby/shipping_watcher/lib/shipping_watcher/tracker.rb:42:in `status_changed?'
/home/yuri/workspace/ruby/shipping_watcher/lib/shipping_watcher/tracker.rb:71:in `block in verify_status_change'
/home/yuri/workspace/ruby/shipping_watcher/vendor/bundle/ruby/2.1.0/gems/activerecord-4.1.4/lib/active_record/relation/delegation.rb:46:in `each'
/home/yuri/workspace/ruby/shipping_watcher/vendor/bundle/ruby/2.1.0/gems/activerecord-4.1.4/lib/active_record/relation/delegation.rb:46:in `each'
/home/yuri/workspace/ruby/shipping_watcher/lib/shipping_watcher/tracker.rb:69:in `verify_status_change'
/home/yuri/workspace/ruby/shipping_watcher/lib/tasks/shipping_watcher.rake:5:in `block (2 levels) in <top (required)>'
Tasks: TOP => shipping_watcher:status_change
(See full trace by running task with --trace)
Loading development environment
rake aborted!
NoMethodError: undefined method `id' for nil:NilClass
/home/yuri/workspace/ruby/shipping_watcher/lib/shipping_watcher/tracker.rb:64:in `status_id'
/home/yuri/workspace/ruby/shipping_watcher/lib/shipping_watcher/tracker.rb:42:in `status_changed?'
/home/yuri/workspace/ruby/shipping_watcher/lib/shipping_watcher/tracker.rb:71:in `block in verify_status_change'
/home/yuri/workspace/ruby/shipping_watcher/vendor/bundle/ruby/2.1.0/gems/activerecord-4.1.4/lib/active_record/relation/delegation.rb:46:in `each'
/home/yuri/workspace/ruby/shipping_watcher/vendor/bundle/ruby/2.1.0/gems/activerecord-4.1.4/lib/active_record/relation/delegation.rb:46:in `each'
/home/yuri/workspace/ruby/shipping_watcher/lib/shipping_watcher/tracker.rb:69:in `verify_status_change'
/home/yuri/workspace/ruby/shipping_watcher/lib/tasks/shipping_watcher.rake:5:in `block (2 levels) in <top (required)>'
Tasks: TOP => shipping_watcher:status_change
(See full trace by running task with --trace)
Loading development environment
rake aborted!
NoMethodError: undefined method `id' for nil:NilClass
/home/yuri/workspace/ruby/shipping_watcher/lib/shipping_watcher/tracker.rb:64:in `status_id'
/home/yuri/workspace/ruby/shipping_watcher/lib/shipping_watcher/tracker.rb:42:in `status_changed?'
/home/yuri/workspace/ruby/shipping_watcher/lib/shipping_watcher/tracker.rb:71:in `block in verify_status_change'
/home/yuri/workspace/ruby/shipping_watcher/vendor/bundle/ruby/2.1.0/gems/activerecord-4.1.4/lib/active_record/relation/delegation.rb:46:in `each'
/home/yuri/workspace/ruby/shipping_watcher/vendor/bundle/ruby/2.1.0/gems/activerecord-4.1.4/lib/active_record/relation/delegation.rb:46:in `each'
/home/yuri/workspace/ruby/shipping_watcher/lib/shipping_watcher/tracker.rb:69:in `verify_status_change'
/home/yuri/workspace/ruby/shipping_watcher/lib/tasks/shipping_watcher.rake:5:in `block (2 levels) in <top (required)>'
Tasks: TOP => shipping_watcher:status_change
(See full trace by running task with --trace)
Loading development environment
rake aborted!
NoMethodError: undefined method `id' for nil:NilClass
/home/yuri/workspace/ruby/shipping_watcher/lib/shipping_watcher/tracker.rb:64:in `status_id'
/home/yuri/workspace/ruby/shipping_watcher/lib/shipping_watcher/tracker.rb:42:in `status_changed?'
/home/yuri/workspace/ruby/shipping_watcher/lib/shipping_watcher/tracker.rb:71:in `block in verify_status_change'
/home/yuri/workspace/ruby/shipping_watcher/vendor/bundle/ruby/2.1.0/gems/activerecord-4.1.4/lib/active_record/relation/delegation.rb:46:in `each'
/home/yuri/workspace/ruby/shipping_watcher/vendor/bundle/ruby/2.1.0/gems/activerecord-4.1.4/lib/active_record/relation/delegation.rb:46:in `each'
/home/yuri/workspace/ruby/shipping_watcher/lib/shipping_watcher/tracker.rb:69:in `verify_status_change'
/home/yuri/workspace/ruby/shipping_watcher/lib/tasks/shipping_watcher.rake:5:in `block (2 levels) in <top (required)>'
Tasks: TOP => shipping_watcher:status_change
(See full trace by running task with --trace)
Loading development environment
rake aborted!
NoMethodError: undefined method `id' for nil:NilClass
/home/yuri/workspace/ruby/shipping_watcher/lib/shipping_watcher/tracker.rb:64:in `status_id'
/home/yuri/workspace/ruby/shipping_watcher/lib/shipping_watcher/tracker.rb:42:in `status_changed?'
/home/yuri/workspace/ruby/shipping_watcher/lib/shipping_watcher/tracker.rb:71:in `block in verify_status_change'
/home/yuri/workspace/ruby/shipping_watcher/vendor/bundle/ruby/2.1.0/gems/activerecord-4.1.4/lib/active_record/relation/delegation.rb:46:in `each'
/home/yuri/workspace/ruby/shipping_watcher/vendor/bundle/ruby/2.1.0/gems/activerecord-4.1.4/lib/active_record/relation/delegation.rb:46:in `each'
/home/yuri/workspace/ruby/shipping_watcher/lib/shipping_watcher/tracker.rb:69:in `verify_status_change'
/home/yuri/workspace/ruby/shipping_watcher/lib/tasks/shipping_watcher.rake:5:in `block (2 levels) in <top (required)>'
Tasks: TOP => shipping_watcher:status_change
(See full trace by running task with --trace)
Loading development environment
rake aborted!
NoMethodError: undefined method `id' for nil:NilClass
/home/yuri/workspace/ruby/shipping_watcher/lib/shipping_watcher/tracker.rb:64:in `status_id'
/home/yuri/workspace/ruby/shipping_watcher/lib/shipping_watcher/tracker.rb:42:in `status_changed?'
/home/yuri/workspace/ruby/shipping_watcher/lib/shipping_watcher/tracker.rb:71:in `block in verify_status_change'
/home/yuri/workspace/ruby/shipping_watcher/vendor/bundle/ruby/2.1.0/gems/activerecord-4.1.4/lib/active_record/relation/delegation.rb:46:in `each'
/home/yuri/workspace/ruby/shipping_watcher/vendor/bundle/ruby/2.1.0/gems/activerecord-4.1.4/lib/active_record/relation/delegation.rb:46:in `each'
/home/yuri/workspace/ruby/shipping_watcher/lib/shipping_watcher/tracker.rb:69:in `verify_status_change'
/home/yuri/workspace/ruby/shipping_watcher/lib/tasks/shipping_watcher.rake:5:in `block (2 levels) in <top (required)>'
Tasks: TOP => shipping_watcher:status_change
(See full trace by running task with --trace)
Loading development environment
rake aborted!
NoMethodError: undefined method `id' for nil:NilClass
/home/yuri/workspace/ruby/shipping_watcher/lib/shipping_watcher/tracker.rb:64:in `status_id'
/home/yuri/workspace/ruby/shipping_watcher/lib/shipping_watcher/tracker.rb:42:in `status_changed?'
/home/yuri/workspace/ruby/shipping_watcher/lib/shipping_watcher/tracker.rb:71:in `block in verify_status_change'
/home/yuri/workspace/ruby/shipping_watcher/vendor/bundle/ruby/2.1.0/gems/activerecord-4.1.4/lib/active_record/relation/delegation.rb:46:in `each'
/home/yuri/workspace/ruby/shipping_watcher/vendor/bundle/ruby/2.1.0/gems/activerecord-4.1.4/lib/active_record/relation/delegation.rb:46:in `each'
/home/yuri/workspace/ruby/shipping_watcher/lib/shipping_watcher/tracker.rb:69:in `verify_status_change'
/home/yuri/workspace/ruby/shipping_watcher/lib/tasks/shipping_watcher.rake:5:in `block (2 levels) in <top (required)>'
Tasks: TOP => shipping_watcher:status_change
(See full trace by running task with --trace)
Loading development environment
rake aborted!
NoMethodError: undefined method `id' for nil:NilClass
/home/yuri/workspace/ruby/shipping_watcher/lib/shipping_watcher/tracker.rb:64:in `status_id'
/home/yuri/workspace/ruby/shipping_watcher/lib/shipping_watcher/tracker.rb:42:in `status_changed?'
/home/yuri/workspace/ruby/shipping_watcher/lib/shipping_watcher/tracker.rb:71:in `block in verify_status_change'
/home/yuri/workspace/ruby/shipping_watcher/vendor/bundle/ruby/2.1.0/gems/activerecord-4.1.4/lib/active_record/relation/delegation.rb:46:in `each'
/home/yuri/workspace/ruby/shipping_watcher/vendor/bundle/ruby/2.1.0/gems/activerecord-4.1.4/lib/active_record/relation/delegation.rb:46:in `each'
/home/yuri/workspace/ruby/shipping_watcher/lib/shipping_watcher/tracker.rb:69:in `verify_status_change'
/home/yuri/workspace/ruby/shipping_watcher/lib/tasks/shipping_watcher.rake:5:in `block (2 levels) in <top (required)>'
Tasks: TOP => shipping_watcher:status_change
(See full trace by running task with --trace)
Loading development environment
rake aborted!
NoMethodError: undefined method `id' for nil:NilClass
/home/yuri/workspace/ruby/shipping_watcher/lib/shipping_watcher/tracker.rb:64:in `status_id'
/home/yuri/workspace/ruby/shipping_watcher/lib/shipping_watcher/tracker.rb:42:in `status_changed?'
/home/yuri/workspace/ruby/shipping_watcher/lib/shipping_watcher/tracker.rb:71:in `block in verify_status_change'
/home/yuri/workspace/ruby/shipping_watcher/vendor/bundle/ruby/2.1.0/gems/activerecord-4.1.4/lib/active_record/relation/delegation.rb:46:in `each'
/home/yuri/workspace/ruby/shipping_watcher/vendor/bundle/ruby/2.1.0/gems/activerecord-4.1.4/lib/active_record/relation/delegation.rb:46:in `each'
/home/yuri/workspace/ruby/shipping_watcher/lib/shipping_watcher/tracker.rb:69:in `verify_status_change'
/home/yuri/workspace/ruby/shipping_watcher/lib/tasks/shipping_watcher.rake:5:in `block (2 levels) in <top (required)>'
Tasks: TOP => shipping_watcher:status_change
(See full trace by running task with --trace)
Loading development environment
rake aborted!
NoMethodError: undefined method `id' for nil:NilClass
/home/yuri/workspace/ruby/shipping_watcher/lib/shipping_watcher/tracker.rb:64:in `status_id'
/home/yuri/workspace/ruby/shipping_watcher/lib/shipping_watcher/tracker.rb:42:in `status_changed?'
/home/yuri/workspace/ruby/shipping_watcher/lib/shipping_watcher/tracker.rb:71:in `block in verify_status_change'
/home/yuri/workspace/ruby/shipping_watcher/vendor/bundle/ruby/2.1.0/gems/activerecord-4.1.4/lib/active_record/relation/delegation.rb:46:in `each'
/home/yuri/workspace/ruby/shipping_watcher/vendor/bundle/ruby/2.1.0/gems/activerecord-4.1.4/lib/active_record/relation/delegation.rb:46:in `each'
/home/yuri/workspace/ruby/shipping_watcher/lib/shipping_watcher/tracker.rb:69:in `verify_status_change'
/home/yuri/workspace/ruby/shipping_watcher/lib/tasks/shipping_watcher.rake:5:in `block (2 levels) in <top (required)>'
Tasks: TOP => shipping_watcher:status_change
(See full trace by running task with --trace)
Loading development environment
rake aborted!
NoMethodError: undefined method `id' for nil:NilClass
/home/yuri/workspace/ruby/shipping_watcher/lib/shipping_watcher/tracker.rb:64:in `status_id'
/home/yuri/workspace/ruby/shipping_watcher/lib/shipping_watcher/tracker.rb:42:in `status_changed?'
/home/yuri/workspace/ruby/shipping_watcher/lib/shipping_watcher/tracker.rb:71:in `block in verify_status_change'
/home/yuri/workspace/ruby/shipping_watcher/vendor/bundle/ruby/2.1.0/gems/activerecord-4.1.4/lib/active_record/relation/delegation.rb:46:in `each'
/home/yuri/workspace/ruby/shipping_watcher/vendor/bundle/ruby/2.1.0/gems/activerecord-4.1.4/lib/active_record/relation/delegation.rb:46:in `each'
/home/yuri/workspace/ruby/shipping_watcher/lib/shipping_watcher/tracker.rb:69:in `verify_status_change'
/home/yuri/workspace/ruby/shipping_watcher/lib/tasks/shipping_watcher.rake:5:in `block (2 levels) in <top (required)>'
Tasks: TOP => shipping_watcher:status_change
(See full trace by running task with --trace)
Loading development environment
rake aborted!
NoMethodError: undefined method `id' for nil:NilClass
/home/yuri/workspace/ruby/shipping_watcher/lib/shipping_watcher/tracker.rb:64:in `status_id'
/home/yuri/workspace/ruby/shipping_watcher/lib/shipping_watcher/tracker.rb:42:in `status_changed?'
/home/yuri/workspace/ruby/shipping_watcher/lib/shipping_watcher/tracker.rb:71:in `block in verify_status_change'
/home/yuri/workspace/ruby/shipping_watcher/vendor/bundle/ruby/2.1.0/gems/activerecord-4.1.4/lib/active_record/relation/delegation.rb:46:in `each'
/home/yuri/workspace/ruby/shipping_watcher/vendor/bundle/ruby/2.1.0/gems/activerecord-4.1.4/lib/active_record/relation/delegation.rb:46:in `each'
/home/yuri/workspace/ruby/shipping_watcher/lib/shipping_watcher/tracker.rb:69:in `verify_status_change'
/home/yuri/workspace/ruby/shipping_watcher/lib/tasks/shipping_watcher.rake:5:in `block (2 levels) in <top (required)>'
Tasks: TOP => shipping_watcher:status_change
(See full trace by running task with --trace)
Loading development environment
rake aborted!
NoMethodError: undefined method `id' for nil:NilClass
/home/yuri/workspace/ruby/shipping_watcher/lib/shipping_watcher/tracker.rb:64:in `status_id'
/home/yuri/workspace/ruby/shipping_watcher/lib/shipping_watcher/tracker.rb:42:in `status_changed?'
/home/yuri/workspace/ruby/shipping_watcher/lib/shipping_watcher/tracker.rb:71:in `block in verify_status_change'
/home/yuri/workspace/ruby/shipping_watcher/vendor/bundle/ruby/2.1.0/gems/activerecord-4.1.4/lib/active_record/relation/delegation.rb:46:in `each'
/home/yuri/workspace/ruby/shipping_watcher/vendor/bundle/ruby/2.1.0/gems/activerecord-4.1.4/lib/active_record/relation/delegation.rb:46:in `each'
/home/yuri/workspace/ruby/shipping_watcher/lib/shipping_watcher/tracker.rb:69:in `verify_status_change'
/home/yuri/workspace/ruby/shipping_watcher/lib/tasks/shipping_watcher.rake:5:in `block (2 levels) in <top (required)>'
Tasks: TOP => shipping_watcher:status_change
(See full trace by running task with --trace)
Loading development environment
rake aborted!
NoMethodError: undefined method `id' for nil:NilClass
/home/yuri/workspace/ruby/shipping_watcher/lib/shipping_watcher/tracker.rb:64:in `status_id'
/home/yuri/workspace/ruby/shipping_watcher/lib/shipping_watcher/tracker.rb:42:in `status_changed?'
/home/yuri/workspace/ruby/shipping_watcher/lib/shipping_watcher/tracker.rb:71:in `block in verify_status_change'
/home/yuri/workspace/ruby/shipping_watcher/vendor/bundle/ruby/2.1.0/gems/activerecord-4.1.4/lib/active_record/relation/delegation.rb:46:in `each'
/home/yuri/workspace/ruby/shipping_watcher/vendor/bundle/ruby/2.1.0/gems/activerecord-4.1.4/lib/active_record/relation/delegation.rb:46:in `each'
/home/yuri/workspace/ruby/shipping_watcher/lib/shipping_watcher/tracker.rb:69:in `verify_status_change'
/home/yuri/workspace/ruby/shipping_watcher/lib/tasks/shipping_watcher.rake:5:in `block (2 levels) in <top (required)>'
Tasks: TOP => shipping_watcher:status_change
(See full trace by running task with --trace)
Loading development environment
rake aborted!
NoMethodError: undefined method `id' for nil:NilClass
/home/yuri/workspace/ruby/shipping_watcher/lib/shipping_watcher/tracker.rb:64:in `status_id'
/home/yuri/workspace/ruby/shipping_watcher/lib/shipping_watcher/tracker.rb:42:in `status_changed?'
/home/yuri/workspace/ruby/shipping_watcher/lib/shipping_watcher/tracker.rb:71:in `block in verify_status_change'
/home/yuri/workspace/ruby/shipping_watcher/vendor/bundle/ruby/2.1.0/gems/activerecord-4.1.4/lib/active_record/relation/delegation.rb:46:in `each'
/home/yuri/workspace/ruby/shipping_watcher/vendor/bundle/ruby/2.1.0/gems/activerecord-4.1.4/lib/active_record/relation/delegation.rb:46:in `each'
/home/yuri/workspace/ruby/shipping_watcher/lib/shipping_watcher/tracker.rb:69:in `verify_status_change'
/home/yuri/workspace/ruby/shipping_watcher/lib/tasks/shipping_watcher.rake:5:in `block (2 levels) in <top (required)>'
Tasks: TOP => shipping_watcher:status_change
(See full trace by running task with --trace)
Loading development environment
rake aborted!
NoMethodError: undefined method `id' for nil:NilClass
/home/yuri/workspace/ruby/shipping_watcher/lib/shipping_watcher/tracker.rb:64:in `status_id'
/home/yuri/workspace/ruby/shipping_watcher/lib/shipping_watcher/tracker.rb:42:in `status_changed?'
/home/yuri/workspace/ruby/shipping_watcher/lib/shipping_watcher/tracker.rb:71:in `block in verify_status_change'
/home/yuri/workspace/ruby/shipping_watcher/vendor/bundle/ruby/2.1.0/gems/activerecord-4.1.4/lib/active_record/relation/delegation.rb:46:in `each'
/home/yuri/workspace/ruby/shipping_watcher/vendor/bundle/ruby/2.1.0/gems/activerecord-4.1.4/lib/active_record/relation/delegation.rb:46:in `each'
/home/yuri/workspace/ruby/shipping_watcher/lib/shipping_watcher/tracker.rb:69:in `verify_status_change'
/home/yuri/workspace/ruby/shipping_watcher/lib/tasks/shipping_watcher.rake:5:in `block (2 levels) in <top (required)>'
Tasks: TOP => shipping_watcher:status_change
(See full trace by running task with --trace)
Loading development environment
rake aborted!
NoMethodError: undefined method `id' for nil:NilClass
/home/yuri/workspace/ruby/shipping_watcher/lib/shipping_watcher/tracker.rb:64:in `status_id'
/home/yuri/workspace/ruby/shipping_watcher/lib/shipping_watcher/tracker.rb:42:in `status_changed?'
/home/yuri/workspace/ruby/shipping_watcher/lib/shipping_watcher/tracker.rb:71:in `block in verify_status_change'
/home/yuri/workspace/ruby/shipping_watcher/vendor/bundle/ruby/2.1.0/gems/activerecord-4.1.4/lib/active_record/relation/delegation.rb:46:in `each'
/home/yuri/workspace/ruby/shipping_watcher/vendor/bundle/ruby/2.1.0/gems/activerecord-4.1.4/lib/active_record/relation/delegation.rb:46:in `each'
/home/yuri/workspace/ruby/shipping_watcher/lib/shipping_watcher/tracker.rb:69:in `verify_status_change'
/home/yuri/workspace/ruby/shipping_watcher/lib/tasks/shipping_watcher.rake:5:in `block (2 levels) in <top (required)>'
Tasks: TOP => shipping_watcher:status_change
(See full trace by running task with --trace)
Loading development environment
rake aborted!
NoMethodError: undefined method `id' for nil:NilClass
/home/yuri/workspace/ruby/shipping_watcher/lib/shipping_watcher/tracker.rb:64:in `status_id'
/home/yuri/workspace/ruby/shipping_watcher/lib/shipping_watcher/tracker.rb:42:in `status_changed?'
/home/yuri/workspace/ruby/shipping_watcher/lib/shipping_watcher/tracker.rb:71:in `block in verify_status_change'
/home/yuri/workspace/ruby/shipping_watcher/vendor/bundle/ruby/2.1.0/gems/activerecord-4.1.4/lib/active_record/relation/delegation.rb:46:in `each'
/home/yuri/workspace/ruby/shipping_watcher/vendor/bundle/ruby/2.1.0/gems/activerecord-4.1.4/lib/active_record/relation/delegation.rb:46:in `each'
/home/yuri/workspace/ruby/shipping_watcher/lib/shipping_watcher/tracker.rb:69:in `verify_status_change'
/home/yuri/workspace/ruby/shipping_watcher/lib/tasks/shipping_watcher.rake:5:in `block (2 levels) in <top (required)>'
Tasks: TOP => shipping_watcher:status_change
(See full trace by running task with --trace)
Loading development environment
rake aborted!
NoMethodError: undefined method `id' for nil:NilClass
/home/yuri/workspace/ruby/shipping_watcher/lib/shipping_watcher/tracker.rb:64:in `status_id'
/home/yuri/workspace/ruby/shipping_watcher/lib/shipping_watcher/tracker.rb:42:in `status_changed?'
/home/yuri/workspace/ruby/shipping_watcher/lib/shipping_watcher/tracker.rb:71:in `block in verify_status_change'
/home/yuri/workspace/ruby/shipping_watcher/vendor/bundle/ruby/2.1.0/gems/activerecord-4.1.4/lib/active_record/relation/delegation.rb:46:in `each'
/home/yuri/workspace/ruby/shipping_watcher/vendor/bundle/ruby/2.1.0/gems/activerecord-4.1.4/lib/active_record/relation/delegation.rb:46:in `each'
/home/yuri/workspace/ruby/shipping_watcher/lib/shipping_watcher/tracker.rb:69:in `verify_status_change'
/home/yuri/workspace/ruby/shipping_watcher/lib/tasks/shipping_watcher.rake:5:in `block (2 levels) in <top (required)>'
Tasks: TOP => shipping_watcher:status_change
(See full trace by running task with --trace)
Loading development environment
rake aborted!
NoMethodError: undefined method `id' for nil:NilClass
/home/yuri/workspace/ruby/shipping_watcher/lib/shipping_watcher/tracker.rb:64:in `status_id'
/home/yuri/workspace/ruby/shipping_watcher/lib/shipping_watcher/tracker.rb:42:in `status_changed?'
/home/yuri/workspace/ruby/shipping_watcher/lib/shipping_watcher/tracker.rb:71:in `block in verify_status_change'
/home/yuri/workspace/ruby/shipping_watcher/vendor/bundle/ruby/2.1.0/gems/activerecord-4.1.4/lib/active_record/relation/delegation.rb:46:in `each'
/home/yuri/workspace/ruby/shipping_watcher/vendor/bundle/ruby/2.1.0/gems/activerecord-4.1.4/lib/active_record/relation/delegation.rb:46:in `each'
/home/yuri/workspace/ruby/shipping_watcher/lib/shipping_watcher/tracker.rb:69:in `verify_status_change'
/home/yuri/workspace/ruby/shipping_watcher/lib/tasks/shipping_watcher.rake:5:in `block (2 levels) in <top (required)>'
Tasks: TOP => shipping_watcher:status_change
(See full trace by running task with --trace)
Loading development environment
rake aborted!
NoMethodError: undefined method `id' for nil:NilClass
/home/yuri/workspace/ruby/shipping_watcher/lib/shipping_watcher/tracker.rb:64:in `status_id'
/home/yuri/workspace/ruby/shipping_watcher/lib/shipping_watcher/tracker.rb:42:in `status_changed?'
/home/yuri/workspace/ruby/shipping_watcher/lib/shipping_watcher/tracker.rb:71:in `block in verify_status_change'
/home/yuri/workspace/ruby/shipping_watcher/vendor/bundle/ruby/2.1.0/gems/activerecord-4.1.4/lib/active_record/relation/delegation.rb:46:in `each'
/home/yuri/workspace/ruby/shipping_watcher/vendor/bundle/ruby/2.1.0/gems/activerecord-4.1.4/lib/active_record/relation/delegation.rb:46:in `each'
/home/yuri/workspace/ruby/shipping_watcher/lib/shipping_watcher/tracker.rb:69:in `verify_status_change'
/home/yuri/workspace/ruby/shipping_watcher/lib/tasks/shipping_watcher.rake:5:in `block (2 levels) in <top (required)>'
Tasks: TOP => shipping_watcher:status_change
(See full trace by running task with --trace)
Loading development environment
rake aborted!
NoMethodError: undefined method `id' for nil:NilClass
/home/yuri/workspace/ruby/shipping_watcher/lib/shipping_watcher/tracker.rb:64:in `status_id'
/home/yuri/workspace/ruby/shipping_watcher/lib/shipping_watcher/tracker.rb:42:in `status_changed?'
/home/yuri/workspace/ruby/shipping_watcher/lib/shipping_watcher/tracker.rb:71:in `block in verify_status_change'
/home/yuri/workspace/ruby/shipping_watcher/vendor/bundle/ruby/2.1.0/gems/activerecord-4.1.4/lib/active_record/relation/delegation.rb:46:in `each'
/home/yuri/workspace/ruby/shipping_watcher/vendor/bundle/ruby/2.1.0/gems/activerecord-4.1.4/lib/active_record/relation/delegation.rb:46:in `each'
/home/yuri/workspace/ruby/shipping_watcher/lib/shipping_watcher/tracker.rb:69:in `verify_status_change'
/home/yuri/workspace/ruby/shipping_watcher/lib/tasks/shipping_watcher.rake:5:in `block (2 levels) in <top (required)>'
Tasks: TOP => shipping_watcher:status_change
(See full trace by running task with --trace)
Loading development environment
rake aborted!
NoMethodError: undefined method `id' for nil:NilClass
/home/yuri/workspace/ruby/shipping_watcher/lib/shipping_watcher/tracker.rb:64:in `status_id'
/home/yuri/workspace/ruby/shipping_watcher/lib/shipping_watcher/tracker.rb:42:in `status_changed?'
/home/yuri/workspace/ruby/shipping_watcher/lib/shipping_watcher/tracker.rb:71:in `block in verify_status_change'
/home/yuri/workspace/ruby/shipping_watcher/vendor/bundle/ruby/2.1.0/gems/activerecord-4.1.4/lib/active_record/relation/delegation.rb:46:in `each'
/home/yuri/workspace/ruby/shipping_watcher/vendor/bundle/ruby/2.1.0/gems/activerecord-4.1.4/lib/active_record/relation/delegation.rb:46:in `each'
/home/yuri/workspace/ruby/shipping_watcher/lib/shipping_watcher/tracker.rb:69:in `verify_status_change'
/home/yuri/workspace/ruby/shipping_watcher/lib/tasks/shipping_watcher.rake:5:in `block (2 levels) in <top (required)>'
Tasks: TOP => shipping_watcher:status_change
(See full trace by running task with --trace)
Loading development environment
rake aborted!
NoMethodError: undefined method `id' for nil:NilClass
/home/yuri/workspace/ruby/shipping_watcher/lib/shipping_watcher/tracker.rb:64:in `status_id'
/home/yuri/workspace/ruby/shipping_watcher/lib/shipping_watcher/tracker.rb:42:in `status_changed?'
/home/yuri/workspace/ruby/shipping_watcher/lib/shipping_watcher/tracker.rb:71:in `block in verify_status_change'
/home/yuri/workspace/ruby/shipping_watcher/vendor/bundle/ruby/2.1.0/gems/activerecord-4.1.4/lib/active_record/relation/delegation.rb:46:in `each'
/home/yuri/workspace/ruby/shipping_watcher/vendor/bundle/ruby/2.1.0/gems/activerecord-4.1.4/lib/active_record/relation/delegation.rb:46:in `each'
/home/yuri/workspace/ruby/shipping_watcher/lib/shipping_watcher/tracker.rb:69:in `verify_status_change'
/home/yuri/workspace/ruby/shipping_watcher/lib/tasks/shipping_watcher.rake:5:in `block (2 levels) in <top (required)>'
Tasks: TOP => shipping_watcher:status_change
(See full trace by running task with --trace)
Loading development environment
rake aborted!
NoMethodError: undefined method `id' for nil:NilClass
/home/yuri/workspace/ruby/shipping_watcher/lib/shipping_watcher/tracker.rb:64:in `status_id'
/home/yuri/workspace/ruby/shipping_watcher/lib/shipping_watcher/tracker.rb:42:in `status_changed?'
/home/yuri/workspace/ruby/shipping_watcher/lib/shipping_watcher/tracker.rb:71:in `block in verify_status_change'
/home/yuri/workspace/ruby/shipping_watcher/vendor/bundle/ruby/2.1.0/gems/activerecord-4.1.4/lib/active_record/relation/delegation.rb:46:in `each'
/home/yuri/workspace/ruby/shipping_watcher/vendor/bundle/ruby/2.1.0/gems/activerecord-4.1.4/lib/active_record/relation/delegation.rb:46:in `each'
/home/yuri/workspace/ruby/shipping_watcher/lib/shipping_watcher/tracker.rb:69:in `verify_status_change'
/home/yuri/workspace/ruby/shipping_watcher/lib/tasks/shipping_watcher.rake:5:in `block (2 levels) in <top (required)>'
Tasks: TOP => shipping_watcher:status_change
(See full trace by running task with --trace)
Loading development environment
rake aborted!
NoMethodError: undefined method `id' for nil:NilClass
/home/yuri/workspace/ruby/shipping_watcher/lib/shipping_watcher/tracker.rb:64:in `status_id'
/home/yuri/workspace/ruby/shipping_watcher/lib/shipping_watcher/tracker.rb:42:in `status_changed?'
/home/yuri/workspace/ruby/shipping_watcher/lib/shipping_watcher/tracker.rb:71:in `block in verify_status_change'
/home/yuri/workspace/ruby/shipping_watcher/vendor/bundle/ruby/2.1.0/gems/activerecord-4.1.4/lib/active_record/relation/delegation.rb:46:in `each'
/home/yuri/workspace/ruby/shipping_watcher/vendor/bundle/ruby/2.1.0/gems/activerecord-4.1.4/lib/active_record/relation/delegation.rb:46:in `each'
/home/yuri/workspace/ruby/shipping_watcher/lib/shipping_watcher/tracker.rb:69:in `verify_status_change'
/home/yuri/workspace/ruby/shipping_watcher/lib/tasks/shipping_watcher.rake:5:in `block (2 levels) in <top (required)>'
Tasks: TOP => shipping_watcher:status_change
(See full trace by running task with --trace)
Loading development environment
rake aborted!
NoMethodError: undefined method `id' for nil:NilClass
/home/yuri/workspace/ruby/shipping_watcher/lib/shipping_watcher/tracker.rb:64:in `status_id'
/home/yuri/workspace/ruby/shipping_watcher/lib/shipping_watcher/tracker.rb:42:in `status_changed?'
/home/yuri/workspace/ruby/shipping_watcher/lib/shipping_watcher/tracker.rb:71:in `block in verify_status_change'
/home/yuri/workspace/ruby/shipping_watcher/vendor/bundle/ruby/2.1.0/gems/activerecord-4.1.4/lib/active_record/relation/delegation.rb:46:in `each'
/home/yuri/workspace/ruby/shipping_watcher/vendor/bundle/ruby/2.1.0/gems/activerecord-4.1.4/lib/active_record/relation/delegation.rb:46:in `each'
/home/yuri/workspace/ruby/shipping_watcher/lib/shipping_watcher/tracker.rb:69:in `verify_status_change'
/home/yuri/workspace/ruby/shipping_watcher/lib/tasks/shipping_watcher.rake:5:in `block (2 levels) in <top (required)>'
Tasks: TOP => shipping_watcher:status_change
(See full trace by running task with --trace)
Loading development environment
rake aborted!
NoMethodError: undefined method `id' for nil:NilClass
/home/yuri/workspace/ruby/shipping_watcher/lib/shipping_watcher/tracker.rb:64:in `status_id'
/home/yuri/workspace/ruby/shipping_watcher/lib/shipping_watcher/tracker.rb:42:in `status_changed?'
/home/yuri/workspace/ruby/shipping_watcher/lib/shipping_watcher/tracker.rb:71:in `block in verify_status_change'
/home/yuri/workspace/ruby/shipping_watcher/vendor/bundle/ruby/2.1.0/gems/activerecord-4.1.4/lib/active_record/relation/delegation.rb:46:in `each'
/home/yuri/workspace/ruby/shipping_watcher/vendor/bundle/ruby/2.1.0/gems/activerecord-4.1.4/lib/active_record/relation/delegation.rb:46:in `each'
/home/yuri/workspace/ruby/shipping_watcher/lib/shipping_watcher/tracker.rb:69:in `verify_status_change'
/home/yuri/workspace/ruby/shipping_watcher/lib/tasks/shipping_watcher.rake:5:in `block (2 levels) in <top (required)>'
Tasks: TOP => shipping_watcher:status_change
(See full trace by running task with --trace)
Loading development environment
rake aborted!
NoMethodError: undefined method `id' for nil:NilClass
/home/yuri/workspace/ruby/shipping_watcher/lib/shipping_watcher/tracker.rb:64:in `status_id'
/home/yuri/workspace/ruby/shipping_watcher/lib/shipping_watcher/tracker.rb:42:in `status_changed?'
/home/yuri/workspace/ruby/shipping_watcher/lib/shipping_watcher/tracker.rb:71:in `block in verify_status_change'
/home/yuri/workspace/ruby/shipping_watcher/vendor/bundle/ruby/2.1.0/gems/activerecord-4.1.4/lib/active_record/relation/delegation.rb:46:in `each'
/home/yuri/workspace/ruby/shipping_watcher/vendor/bundle/ruby/2.1.0/gems/activerecord-4.1.4/lib/active_record/relation/delegation.rb:46:in `each'
/home/yuri/workspace/ruby/shipping_watcher/lib/shipping_watcher/tracker.rb:69:in `verify_status_change'
/home/yuri/workspace/ruby/shipping_watcher/lib/tasks/shipping_watcher.rake:5:in `block (2 levels) in <top (required)>'
Tasks: TOP => shipping_watcher:status_change
(See full trace by running task with --trace)
Loading development environment
rake aborted!
NoMethodError: undefined method `id' for nil:NilClass
/home/yuri/workspace/ruby/shipping_watcher/lib/shipping_watcher/tracker.rb:64:in `status_id'
/home/yuri/workspace/ruby/shipping_watcher/lib/shipping_watcher/tracker.rb:42:in `status_changed?'
/home/yuri/workspace/ruby/shipping_watcher/lib/shipping_watcher/tracker.rb:71:in `block in verify_status_change'
/home/yuri/workspace/ruby/shipping_watcher/vendor/bundle/ruby/2.1.0/gems/activerecord-4.1.4/lib/active_record/relation/delegation.rb:46:in `each'
/home/yuri/workspace/ruby/shipping_watcher/vendor/bundle/ruby/2.1.0/gems/activerecord-4.1.4/lib/active_record/relation/delegation.rb:46:in `each'
/home/yuri/workspace/ruby/shipping_watcher/lib/shipping_watcher/tracker.rb:69:in `verify_status_change'
/home/yuri/workspace/ruby/shipping_watcher/lib/tasks/shipping_watcher.rake:5:in `block (2 levels) in <top (required)>'
Tasks: TOP => shipping_watcher:status_change
(See full trace by running task with --trace)
Loading development environment
rake aborted!
NoMethodError: undefined method `id' for nil:NilClass
/home/yuri/workspace/ruby/shipping_watcher/lib/shipping_watcher/tracker.rb:64:in `status_id'
/home/yuri/workspace/ruby/shipping_watcher/lib/shipping_watcher/tracker.rb:42:in `status_changed?'
/home/yuri/workspace/ruby/shipping_watcher/lib/shipping_watcher/tracker.rb:71:in `block in verify_status_change'
/home/yuri/workspace/ruby/shipping_watcher/vendor/bundle/ruby/2.1.0/gems/activerecord-4.1.4/lib/active_record/relation/delegation.rb:46:in `each'
/home/yuri/workspace/ruby/shipping_watcher/vendor/bundle/ruby/2.1.0/gems/activerecord-4.1.4/lib/active_record/relation/delegation.rb:46:in `each'
/home/yuri/workspace/ruby/shipping_watcher/lib/shipping_watcher/tracker.rb:69:in `verify_status_change'
/home/yuri/workspace/ruby/shipping_watcher/lib/tasks/shipping_watcher.rake:5:in `block (2 levels) in <top (required)>'
Tasks: TOP => shipping_watcher:status_change
(See full trace by running task with --trace)
Loading development environment
rake aborted!
NoMethodError: undefined method `id' for nil:NilClass
/home/yuri/workspace/ruby/shipping_watcher/lib/shipping_watcher/tracker.rb:64:in `status_id'
/home/yuri/workspace/ruby/shipping_watcher/lib/shipping_watcher/tracker.rb:42:in `status_changed?'
/home/yuri/workspace/ruby/shipping_watcher/lib/shipping_watcher/tracker.rb:71:in `block in verify_status_change'
/home/yuri/workspace/ruby/shipping_watcher/vendor/bundle/ruby/2.1.0/gems/activerecord-4.1.4/lib/active_record/relation/delegation.rb:46:in `each'
/home/yuri/workspace/ruby/shipping_watcher/vendor/bundle/ruby/2.1.0/gems/activerecord-4.1.4/lib/active_record/relation/delegation.rb:46:in `each'
/home/yuri/workspace/ruby/shipping_watcher/lib/shipping_watcher/tracker.rb:69:in `verify_status_change'
/home/yuri/workspace/ruby/shipping_watcher/lib/tasks/shipping_watcher.rake:5:in `block (2 levels) in <top (required)>'
Tasks: TOP => shipping_watcher:status_change
(See full trace by running task with --trace)
Loading development environment
rake aborted!
NoMethodError: undefined method `id' for nil:NilClass
/home/yuri/workspace/ruby/shipping_watcher/lib/shipping_watcher/tracker.rb:64:in `status_id'
/home/yuri/workspace/ruby/shipping_watcher/lib/shipping_watcher/tracker.rb:42:in `status_changed?'
/home/yuri/workspace/ruby/shipping_watcher/lib/shipping_watcher/tracker.rb:71:in `block in verify_status_change'
/home/yuri/workspace/ruby/shipping_watcher/vendor/bundle/ruby/2.1.0/gems/activerecord-4.1.4/lib/active_record/relation/delegation.rb:46:in `each'
/home/yuri/workspace/ruby/shipping_watcher/vendor/bundle/ruby/2.1.0/gems/activerecord-4.1.4/lib/active_record/relation/delegation.rb:46:in `each'
/home/yuri/workspace/ruby/shipping_watcher/lib/shipping_watcher/tracker.rb:69:in `verify_status_change'
/home/yuri/workspace/ruby/shipping_watcher/lib/tasks/shipping_watcher.rake:5:in `block (2 levels) in <top (required)>'
Tasks: TOP => shipping_watcher:status_change
(See full trace by running task with --trace)
Loading development environment
rake aborted!
NoMethodError: undefined method `id' for nil:NilClass
/home/yuri/workspace/ruby/shipping_watcher/lib/shipping_watcher/tracker.rb:64:in `status_id'
/home/yuri/workspace/ruby/shipping_watcher/lib/shipping_watcher/tracker.rb:42:in `status_changed?'
/home/yuri/workspace/ruby/shipping_watcher/lib/shipping_watcher/tracker.rb:71:in `block in verify_status_change'
/home/yuri/workspace/ruby/shipping_watcher/vendor/bundle/ruby/2.1.0/gems/activerecord-4.1.4/lib/active_record/relation/delegation.rb:46:in `each'
/home/yuri/workspace/ruby/shipping_watcher/vendor/bundle/ruby/2.1.0/gems/activerecord-4.1.4/lib/active_record/relation/delegation.rb:46:in `each'
/home/yuri/workspace/ruby/shipping_watcher/lib/shipping_watcher/tracker.rb:69:in `verify_status_change'
/home/yuri/workspace/ruby/shipping_watcher/lib/tasks/shipping_watcher.rake:5:in `block (2 levels) in <top (required)>'
Tasks: TOP => shipping_watcher:status_change
(See full trace by running task with --trace)
Loading development environment
rake aborted!
NoMethodError: undefined method `id' for nil:NilClass
/home/yuri/workspace/ruby/shipping_watcher/lib/shipping_watcher/tracker.rb:64:in `status_id'
/home/yuri/workspace/ruby/shipping_watcher/lib/shipping_watcher/tracker.rb:42:in `status_changed?'
/home/yuri/workspace/ruby/shipping_watcher/lib/shipping_watcher/tracker.rb:71:in `block in verify_status_change'
/home/yuri/workspace/ruby/shipping_watcher/vendor/bundle/ruby/2.1.0/gems/activerecord-4.1.4/lib/active_record/relation/delegation.rb:46:in `each'
/home/yuri/workspace/ruby/shipping_watcher/vendor/bundle/ruby/2.1.0/gems/activerecord-4.1.4/lib/active_record/relation/delegation.rb:46:in `each'
/home/yuri/workspace/ruby/shipping_watcher/lib/shipping_watcher/tracker.rb:69:in `verify_status_change'
/home/yuri/workspace/ruby/shipping_watcher/lib/tasks/shipping_watcher.rake:5:in `block (2 levels) in <top (required)>'
Tasks: TOP => shipping_watcher:status_change
(See full trace by running task with --trace)
Loading development environment
rake aborted!
NoMethodError: undefined method `id' for nil:NilClass
/home/yuri/workspace/ruby/shipping_watcher/lib/shipping_watcher/tracker.rb:64:in `status_id'
/home/yuri/workspace/ruby/shipping_watcher/lib/shipping_watcher/tracker.rb:42:in `status_changed?'
/home/yuri/workspace/ruby/shipping_watcher/lib/shipping_watcher/tracker.rb:71:in `block in verify_status_change'
/home/yuri/workspace/ruby/shipping_watcher/vendor/bundle/ruby/2.1.0/gems/activerecord-4.1.4/lib/active_record/relation/delegation.rb:46:in `each'
/home/yuri/workspace/ruby/shipping_watcher/vendor/bundle/ruby/2.1.0/gems/activerecord-4.1.4/lib/active_record/relation/delegation.rb:46:in `each'
/home/yuri/workspace/ruby/shipping_watcher/lib/shipping_watcher/tracker.rb:69:in `verify_status_change'
/home/yuri/workspace/ruby/shipping_watcher/lib/tasks/shipping_watcher.rake:5:in `block (2 levels) in <top (required)>'
Tasks: TOP => shipping_watcher:status_change
(See full trace by running task with --trace)
Loading development environment
rake aborted!
NoMethodError: undefined method `id' for nil:NilClass
/home/yuri/workspace/ruby/shipping_watcher/lib/shipping_watcher/tracker.rb:64:in `status_id'
/home/yuri/workspace/ruby/shipping_watcher/lib/shipping_watcher/tracker.rb:42:in `status_changed?'
/home/yuri/workspace/ruby/shipping_watcher/lib/shipping_watcher/tracker.rb:71:in `block in verify_status_change'
/home/yuri/workspace/ruby/shipping_watcher/vendor/bundle/ruby/2.1.0/gems/activerecord-4.1.4/lib/active_record/relation/delegation.rb:46:in `each'
/home/yuri/workspace/ruby/shipping_watcher/vendor/bundle/ruby/2.1.0/gems/activerecord-4.1.4/lib/active_record/relation/delegation.rb:46:in `each'
/home/yuri/workspace/ruby/shipping_watcher/lib/shipping_watcher/tracker.rb:69:in `verify_status_change'
/home/yuri/workspace/ruby/shipping_watcher/lib/tasks/shipping_watcher.rake:5:in `block (2 levels) in <top (required)>'
Tasks: TOP => shipping_watcher:status_change
(See full trace by running task with --trace)
Loading development environment
rake aborted!
NoMethodError: undefined method `id' for nil:NilClass
/home/yuri/workspace/ruby/shipping_watcher/lib/shipping_watcher/tracker.rb:64:in `status_id'
/home/yuri/workspace/ruby/shipping_watcher/lib/shipping_watcher/tracker.rb:42:in `status_changed?'
/home/yuri/workspace/ruby/shipping_watcher/lib/shipping_watcher/tracker.rb:71:in `block in verify_status_change'
/home/yuri/workspace/ruby/shipping_watcher/vendor/bundle/ruby/2.1.0/gems/activerecord-4.1.4/lib/active_record/relation/delegation.rb:46:in `each'
/home/yuri/workspace/ruby/shipping_watcher/vendor/bundle/ruby/2.1.0/gems/activerecord-4.1.4/lib/active_record/relation/delegation.rb:46:in `each'
/home/yuri/workspace/ruby/shipping_watcher/lib/shipping_watcher/tracker.rb:69:in `verify_status_change'
/home/yuri/workspace/ruby/shipping_watcher/lib/tasks/shipping_watcher.rake:5:in `block (2 levels) in <top (required)>'
Tasks: TOP => shipping_watcher:status_change
(See full trace by running task with --trace)
Loading development environment
rake aborted!
NoMethodError: undefined method `id' for nil:NilClass
/home/yuri/workspace/ruby/shipping_watcher/lib/shipping_watcher/tracker.rb:64:in `status_id'
/home/yuri/workspace/ruby/shipping_watcher/lib/shipping_watcher/tracker.rb:42:in `status_changed?'
/home/yuri/workspace/ruby/shipping_watcher/lib/shipping_watcher/tracker.rb:71:in `block in verify_status_change'
/home/yuri/workspace/ruby/shipping_watcher/vendor/bundle/ruby/2.1.0/gems/activerecord-4.1.4/lib/active_record/relation/delegation.rb:46:in `each'
/home/yuri/workspace/ruby/shipping_watcher/vendor/bundle/ruby/2.1.0/gems/activerecord-4.1.4/lib/active_record/relation/delegation.rb:46:in `each'
/home/yuri/workspace/ruby/shipping_watcher/lib/shipping_watcher/tracker.rb:69:in `verify_status_change'
/home/yuri/workspace/ruby/shipping_watcher/lib/tasks/shipping_watcher.rake:5:in `block (2 levels) in <top (required)>'
Tasks: TOP => shipping_watcher:status_change
(See full trace by running task with --trace)
Loading development environment
rake aborted!
NoMethodError: undefined method `id' for nil:NilClass
/home/yuri/workspace/ruby/shipping_watcher/lib/shipping_watcher/tracker.rb:64:in `status_id'
/home/yuri/workspace/ruby/shipping_watcher/lib/shipping_watcher/tracker.rb:42:in `status_changed?'
/home/yuri/workspace/ruby/shipping_watcher/lib/shipping_watcher/tracker.rb:71:in `block in verify_status_change'
/home/yuri/workspace/ruby/shipping_watcher/vendor/bundle/ruby/2.1.0/gems/activerecord-4.1.4/lib/active_record/relation/delegation.rb:46:in `each'
/home/yuri/workspace/ruby/shipping_watcher/vendor/bundle/ruby/2.1.0/gems/activerecord-4.1.4/lib/active_record/relation/delegation.rb:46:in `each'
/home/yuri/workspace/ruby/shipping_watcher/lib/shipping_watcher/tracker.rb:69:in `verify_status_change'
/home/yuri/workspace/ruby/shipping_watcher/lib/tasks/shipping_watcher.rake:5:in `block (2 levels) in <top (required)>'
Tasks: TOP => shipping_watcher:status_change
(See full trace by running task with --trace)
Loading development environment
rake aborted!
NoMethodError: undefined method `id' for nil:NilClass
/home/yuri/workspace/ruby/shipping_watcher/lib/shipping_watcher/tracker.rb:64:in `status_id'
/home/yuri/workspace/ruby/shipping_watcher/lib/shipping_watcher/tracker.rb:42:in `status_changed?'
/home/yuri/workspace/ruby/shipping_watcher/lib/shipping_watcher/tracker.rb:71:in `block in verify_status_change'
/home/yuri/workspace/ruby/shipping_watcher/vendor/bundle/ruby/2.1.0/gems/activerecord-4.1.4/lib/active_record/relation/delegation.rb:46:in `each'
/home/yuri/workspace/ruby/shipping_watcher/vendor/bundle/ruby/2.1.0/gems/activerecord-4.1.4/lib/active_record/relation/delegation.rb:46:in `each'
/home/yuri/workspace/ruby/shipping_watcher/lib/shipping_watcher/tracker.rb:69:in `verify_status_change'
/home/yuri/workspace/ruby/shipping_watcher/lib/tasks/shipping_watcher.rake:5:in `block (2 levels) in <top (required)>'
Tasks: TOP => shipping_watcher:status_change
(See full trace by running task with --trace)
Loading development environment
rake aborted!
NoMethodError: undefined method `id' for nil:NilClass
/home/yuri/workspace/ruby/shipping_watcher/lib/shipping_watcher/tracker.rb:64:in `status_id'
/home/yuri/workspace/ruby/shipping_watcher/lib/shipping_watcher/tracker.rb:42:in `status_changed?'
/home/yuri/workspace/ruby/shipping_watcher/lib/shipping_watcher/tracker.rb:71:in `block in verify_status_change'
/home/yuri/workspace/ruby/shipping_watcher/vendor/bundle/ruby/2.1.0/gems/activerecord-4.1.4/lib/active_record/relation/delegation.rb:46:in `each'
/home/yuri/workspace/ruby/shipping_watcher/vendor/bundle/ruby/2.1.0/gems/activerecord-4.1.4/lib/active_record/relation/delegation.rb:46:in `each'
/home/yuri/workspace/ruby/shipping_watcher/lib/shipping_watcher/tracker.rb:69:in `verify_status_change'
/home/yuri/workspace/ruby/shipping_watcher/lib/tasks/shipping_watcher.rake:5:in `block (2 levels) in <top (required)>'
Tasks: TOP => shipping_watcher:status_change
(See full trace by running task with --trace)
Loading development environment
rake aborted!
NoMethodError: undefined method `id' for nil:NilClass
/home/yuri/workspace/ruby/shipping_watcher/lib/shipping_watcher/tracker.rb:64:in `status_id'
/home/yuri/workspace/ruby/shipping_watcher/lib/shipping_watcher/tracker.rb:42:in `status_changed?'
/home/yuri/workspace/ruby/shipping_watcher/lib/shipping_watcher/tracker.rb:71:in `block in verify_status_change'
/home/yuri/workspace/ruby/shipping_watcher/vendor/bundle/ruby/2.1.0/gems/activerecord-4.1.4/lib/active_record/relation/delegation.rb:46:in `each'
/home/yuri/workspace/ruby/shipping_watcher/vendor/bundle/ruby/2.1.0/gems/activerecord-4.1.4/lib/active_record/relation/delegation.rb:46:in `each'
/home/yuri/workspace/ruby/shipping_watcher/lib/shipping_watcher/tracker.rb:69:in `verify_status_change'
/home/yuri/workspace/ruby/shipping_watcher/lib/tasks/shipping_watcher.rake:5:in `block (2 levels) in <top (required)>'
Tasks: TOP => shipping_watcher:status_change
(See full trace by running task with --trace)
Loading development environment
rake aborted!
NoMethodError: undefined method `id' for nil:NilClass
/home/yuri/workspace/ruby/shipping_watcher/lib/shipping_watcher/tracker.rb:64:in `status_id'
/home/yuri/workspace/ruby/shipping_watcher/lib/shipping_watcher/tracker.rb:42:in `status_changed?'
/home/yuri/workspace/ruby/shipping_watcher/lib/shipping_watcher/tracker.rb:71:in `block in verify_status_change'
/home/yuri/workspace/ruby/shipping_watcher/vendor/bundle/ruby/2.1.0/gems/activerecord-4.1.4/lib/active_record/relation/delegation.rb:46:in `each'
/home/yuri/workspace/ruby/shipping_watcher/vendor/bundle/ruby/2.1.0/gems/activerecord-4.1.4/lib/active_record/relation/delegation.rb:46:in `each'
/home/yuri/workspace/ruby/shipping_watcher/lib/shipping_watcher/tracker.rb:69:in `verify_status_change'
/home/yuri/workspace/ruby/shipping_watcher/lib/tasks/shipping_watcher.rake:5:in `block (2 levels) in <top (required)>'
Tasks: TOP => shipping_watcher:status_change
(See full trace by running task with --trace)
Loading development environment
rake aborted!
NoMethodError: undefined method `id' for nil:NilClass
/home/yuri/workspace/ruby/shipping_watcher/lib/shipping_watcher/tracker.rb:64:in `status_id'
/home/yuri/workspace/ruby/shipping_watcher/lib/shipping_watcher/tracker.rb:42:in `status_changed?'
/home/yuri/workspace/ruby/shipping_watcher/lib/shipping_watcher/tracker.rb:71:in `block in verify_status_change'
/home/yuri/workspace/ruby/shipping_watcher/vendor/bundle/ruby/2.1.0/gems/activerecord-4.1.4/lib/active_record/relation/delegation.rb:46:in `each'
/home/yuri/workspace/ruby/shipping_watcher/vendor/bundle/ruby/2.1.0/gems/activerecord-4.1.4/lib/active_record/relation/delegation.rb:46:in `each'
/home/yuri/workspace/ruby/shipping_watcher/lib/shipping_watcher/tracker.rb:69:in `verify_status_change'
/home/yuri/workspace/ruby/shipping_watcher/lib/tasks/shipping_watcher.rake:5:in `block (2 levels) in <top (required)>'
Tasks: TOP => shipping_watcher:status_change
(See full trace by running task with --trace)
Loading development environment
rake aborted!
NoMethodError: undefined method `id' for nil:NilClass
/home/yuri/workspace/ruby/shipping_watcher/lib/shipping_watcher/tracker.rb:64:in `status_id'
/home/yuri/workspace/ruby/shipping_watcher/lib/shipping_watcher/tracker.rb:42:in `status_changed?'
/home/yuri/workspace/ruby/shipping_watcher/lib/shipping_watcher/tracker.rb:71:in `block in verify_status_change'
/home/yuri/workspace/ruby/shipping_watcher/vendor/bundle/ruby/2.1.0/gems/activerecord-4.1.4/lib/active_record/relation/delegation.rb:46:in `each'
/home/yuri/workspace/ruby/shipping_watcher/vendor/bundle/ruby/2.1.0/gems/activerecord-4.1.4/lib/active_record/relation/delegation.rb:46:in `each'
/home/yuri/workspace/ruby/shipping_watcher/lib/shipping_watcher/tracker.rb:69:in `verify_status_change'
/home/yuri/workspace/ruby/shipping_watcher/lib/tasks/shipping_watcher.rake:5:in `block (2 levels) in <top (required)>'
Tasks: TOP => shipping_watcher:status_change
(See full trace by running task with --trace)
Loading development environment
rake aborted!
NoMethodError: undefined method `id' for nil:NilClass
/home/yuri/workspace/ruby/shipping_watcher/lib/shipping_watcher/tracker.rb:64:in `status_id'
/home/yuri/workspace/ruby/shipping_watcher/lib/shipping_watcher/tracker.rb:42:in `status_changed?'
/home/yuri/workspace/ruby/shipping_watcher/lib/shipping_watcher/tracker.rb:71:in `block in verify_status_change'
/home/yuri/workspace/ruby/shipping_watcher/vendor/bundle/ruby/2.1.0/gems/activerecord-4.1.4/lib/active_record/relation/delegation.rb:46:in `each'
/home/yuri/workspace/ruby/shipping_watcher/vendor/bundle/ruby/2.1.0/gems/activerecord-4.1.4/lib/active_record/relation/delegation.rb:46:in `each'
/home/yuri/workspace/ruby/shipping_watcher/lib/shipping_watcher/tracker.rb:69:in `verify_status_change'
/home/yuri/workspace/ruby/shipping_watcher/lib/tasks/shipping_watcher.rake:5:in `block (2 levels) in <top (required)>'
Tasks: TOP => shipping_watcher:status_change
(See full trace by running task with --trace)
Loading development environment
rake aborted!
NoMethodError: undefined method `id' for nil:NilClass
/home/yuri/workspace/ruby/shipping_watcher/lib/shipping_watcher/tracker.rb:64:in `status_id'
/home/yuri/workspace/ruby/shipping_watcher/lib/shipping_watcher/tracker.rb:42:in `status_changed?'
/home/yuri/workspace/ruby/shipping_watcher/lib/shipping_watcher/tracker.rb:71:in `block in verify_status_change'
/home/yuri/workspace/ruby/shipping_watcher/vendor/bundle/ruby/2.1.0/gems/activerecord-4.1.4/lib/active_record/relation/delegation.rb:46:in `each'
/home/yuri/workspace/ruby/shipping_watcher/vendor/bundle/ruby/2.1.0/gems/activerecord-4.1.4/lib/active_record/relation/delegation.rb:46:in `each'
/home/yuri/workspace/ruby/shipping_watcher/lib/shipping_watcher/tracker.rb:69:in `verify_status_change'
/home/yuri/workspace/ruby/shipping_watcher/lib/tasks/shipping_watcher.rake:5:in `block (2 levels) in <top (required)>'
Tasks: TOP => shipping_watcher:status_change
(See full trace by running task with --trace)
Loading development environment
rake aborted!
NoMethodError: undefined method `id' for nil:NilClass
/home/yuri/workspace/ruby/shipping_watcher/lib/shipping_watcher/tracker.rb:64:in `status_id'
/home/yuri/workspace/ruby/shipping_watcher/lib/shipping_watcher/tracker.rb:42:in `status_changed?'
/home/yuri/workspace/ruby/shipping_watcher/lib/shipping_watcher/tracker.rb:71:in `block in verify_status_change'
/home/yuri/workspace/ruby/shipping_watcher/vendor/bundle/ruby/2.1.0/gems/activerecord-4.1.4/lib/active_record/relation/delegation.rb:46:in `each'
/home/yuri/workspace/ruby/shipping_watcher/vendor/bundle/ruby/2.1.0/gems/activerecord-4.1.4/lib/active_record/relation/delegation.rb:46:in `each'
/home/yuri/workspace/ruby/shipping_watcher/lib/shipping_watcher/tracker.rb:69:in `verify_status_change'
/home/yuri/workspace/ruby/shipping_watcher/lib/tasks/shipping_watcher.rake:5:in `block (2 levels) in <top (required)>'
Tasks: TOP => shipping_watcher:status_change
(See full trace by running task with --trace)
Loading development environment
rake aborted!
NoMethodError: undefined method `id' for nil:NilClass
/home/yuri/workspace/ruby/shipping_watcher/lib/shipping_watcher/tracker.rb:64:in `status_id'
/home/yuri/workspace/ruby/shipping_watcher/lib/shipping_watcher/tracker.rb:42:in `status_changed?'
/home/yuri/workspace/ruby/shipping_watcher/lib/shipping_watcher/tracker.rb:71:in `block in verify_status_change'
/home/yuri/workspace/ruby/shipping_watcher/vendor/bundle/ruby/2.1.0/gems/activerecord-4.1.4/lib/active_record/relation/delegation.rb:46:in `each'
/home/yuri/workspace/ruby/shipping_watcher/vendor/bundle/ruby/2.1.0/gems/activerecord-4.1.4/lib/active_record/relation/delegation.rb:46:in `each'
/home/yuri/workspace/ruby/shipping_watcher/lib/shipping_watcher/tracker.rb:69:in `verify_status_change'
/home/yuri/workspace/ruby/shipping_watcher/lib/tasks/shipping_watcher.rake:5:in `block (2 levels) in <top (required)>'
Tasks: TOP => shipping_watcher:status_change
(See full trace by running task with --trace)
Loading development environment
rake aborted!
NoMethodError: undefined method `id' for nil:NilClass
/home/yuri/workspace/ruby/shipping_watcher/lib/shipping_watcher/tracker.rb:64:in `status_id'
/home/yuri/workspace/ruby/shipping_watcher/lib/shipping_watcher/tracker.rb:42:in `status_changed?'
/home/yuri/workspace/ruby/shipping_watcher/lib/shipping_watcher/tracker.rb:71:in `block in verify_status_change'
/home/yuri/workspace/ruby/shipping_watcher/vendor/bundle/ruby/2.1.0/gems/activerecord-4.1.4/lib/active_record/relation/delegation.rb:46:in `each'
/home/yuri/workspace/ruby/shipping_watcher/vendor/bundle/ruby/2.1.0/gems/activerecord-4.1.4/lib/active_record/relation/delegation.rb:46:in `each'
/home/yuri/workspace/ruby/shipping_watcher/lib/shipping_watcher/tracker.rb:69:in `verify_status_change'
/home/yuri/workspace/ruby/shipping_watcher/lib/tasks/shipping_watcher.rake:5:in `block (2 levels) in <top (required)>'
Tasks: TOP => shipping_watcher:status_change
(See full trace by running task with --trace)
Loading development environment
rake aborted!
NoMethodError: undefined method `id' for nil:NilClass
/home/yuri/workspace/ruby/shipping_watcher/lib/shipping_watcher/tracker.rb:64:in `status_id'
/home/yuri/workspace/ruby/shipping_watcher/vendor/bundle/ruby/2.1.0/gems/awesome_print-1.2.0/lib/awesome_print/ext/active_record.rb:47:in `block in awesome_active_record_instance'
/home/yuri/workspace/ruby/shipping_watcher/vendor/bundle/ruby/2.1.0/gems/awesome_print-1.2.0/lib/awesome_print/ext/active_record.rb:45:in `each'
/home/yuri/workspace/ruby/shipping_watcher/vendor/bundle/ruby/2.1.0/gems/awesome_print-1.2.0/lib/awesome_print/ext/active_record.rb:45:in `inject'
/home/yuri/workspace/ruby/shipping_watcher/vendor/bundle/ruby/2.1.0/gems/awesome_print-1.2.0/lib/awesome_print/ext/active_record.rb:45:in `awesome_active_record_instance'
/home/yuri/workspace/ruby/shipping_watcher/vendor/bundle/ruby/2.1.0/gems/awesome_print-1.2.0/lib/awesome_print/formatter.rb:26:in `format'
/home/yuri/workspace/ruby/shipping_watcher/vendor/bundle/ruby/2.1.0/gems/awesome_print-1.2.0/lib/awesome_print/inspector.rb:137:in `unnested'
/home/yuri/workspace/ruby/shipping_watcher/vendor/bundle/ruby/2.1.0/gems/awesome_print-1.2.0/lib/awesome_print/inspector.rb:104:in `awesome'
/home/yuri/workspace/ruby/shipping_watcher/vendor/bundle/ruby/2.1.0/gems/awesome_print-1.2.0/lib/awesome_print/core_ext/kernel.rb:10:in `ai'
/home/yuri/workspace/ruby/shipping_watcher/vendor/bundle/ruby/2.1.0/gems/awesome_print-1.2.0/lib/awesome_print/core_ext/kernel.rb:20:in `ap'
/home/yuri/workspace/ruby/shipping_watcher/lib/shipping_watcher/tracker.rb:70:in `block in verify_status_change'
/home/yuri/workspace/ruby/shipping_watcher/vendor/bundle/ruby/2.1.0/gems/activerecord-4.1.4/lib/active_record/relation/delegation.rb:46:in `each'
/home/yuri/workspace/ruby/shipping_watcher/vendor/bundle/ruby/2.1.0/gems/activerecord-4.1.4/lib/active_record/relation/delegation.rb:46:in `each'
/home/yuri/workspace/ruby/shipping_watcher/lib/shipping_watcher/tracker.rb:69:in `verify_status_change'
/home/yuri/workspace/ruby/shipping_watcher/lib/tasks/shipping_watcher.rake:5:in `block (2 levels) in <top (required)>'
Tasks: TOP => shipping_watcher:status_change
(See full trace by running task with --trace)
Loading development environment
rake aborted!
NoMethodError: undefined method `id' for nil:NilClass
/home/yuri/workspace/ruby/shipping_watcher/lib/shipping_watcher/tracker.rb:64:in `status_id'
/home/yuri/workspace/ruby/shipping_watcher/lib/shipping_watcher/tracker.rb:42:in `status_changed?'
/home/yuri/workspace/ruby/shipping_watcher/lib/tasks/shipping_watcher.rake:7:in `block (3 levels) in <top (required)>'
/home/yuri/workspace/ruby/shipping_watcher/vendor/bundle/ruby/2.1.0/gems/activerecord-4.1.4/lib/active_record/relation/delegation.rb:46:in `each'
/home/yuri/workspace/ruby/shipping_watcher/vendor/bundle/ruby/2.1.0/gems/activerecord-4.1.4/lib/active_record/relation/delegation.rb:46:in `each'
/home/yuri/workspace/ruby/shipping_watcher/lib/tasks/shipping_watcher.rake:5:in `block (2 levels) in <top (required)>'
Tasks: TOP => shipping_watcher:status_change
(See full trace by running task with --trace)
Loading development environment
Loading development environment
[1;31mnil[0m
rake aborted!
NoMethodError: undefined method `id' for nil:NilClass
/home/yuri/workspace/ruby/shipping_watcher/lib/shipping_watcher/tracker.rb:64:in `status_id'
/home/yuri/workspace/ruby/shipping_watcher/lib/shipping_watcher/tracker.rb:42:in `status_changed?'
/home/yuri/workspace/ruby/shipping_watcher/lib/tasks/shipping_watcher.rake:7:in `block (3 levels) in <top (required)>'
/home/yuri/workspace/ruby/shipping_watcher/vendor/bundle/ruby/2.1.0/gems/activerecord-4.1.4/lib/active_record/relation/delegation.rb:46:in `each'
/home/yuri/workspace/ruby/shipping_watcher/vendor/bundle/ruby/2.1.0/gems/activerecord-4.1.4/lib/active_record/relation/delegation.rb:46:in `each'
/home/yuri/workspace/ruby/shipping_watcher/lib/tasks/shipping_watcher.rake:5:in `block (2 levels) in <top (required)>'
Tasks: TOP => shipping_watcher:status_change
(See full trace by running task with --trace)
Loading development environment
rake aborted!
ActiveRecord::AssociationTypeMismatch: Status(#35676020) expected, got Fixnum(#16045520)
/home/yuri/workspace/ruby/shipping_watcher/vendor/bundle/ruby/2.1.0/gems/activerecord-4.1.4/lib/active_record/associations/association.rb:216:in `raise_on_type_mismatch!'
/home/yuri/workspace/ruby/shipping_watcher/vendor/bundle/ruby/2.1.0/gems/activerecord-4.1.4/lib/active_record/associations/belongs_to_association.rb:12:in `replace'
/home/yuri/workspace/ruby/shipping_watcher/vendor/bundle/ruby/2.1.0/gems/activerecord-4.1.4/lib/active_record/associations/singular_association.rb:17:in `writer'
/home/yuri/workspace/ruby/shipping_watcher/vendor/bundle/ruby/2.1.0/gems/activerecord-4.1.4/lib/active_record/associations/builder/association.rb:118:in `status='
/home/yuri/workspace/ruby/shipping_watcher/lib/shipping_watcher/tracker.rb:34:in `log!'
/home/yuri/workspace/ruby/shipping_watcher/lib/shipping_watcher/tracker.rb:48:in `status_changed?'
/home/yuri/workspace/ruby/shipping_watcher/lib/tasks/shipping_watcher.rake:7:in `block (3 levels) in <top (required)>'
/home/yuri/workspace/ruby/shipping_watcher/vendor/bundle/ruby/2.1.0/gems/activerecord-4.1.4/lib/active_record/relation/delegation.rb:46:in `each'
/home/yuri/workspace/ruby/shipping_watcher/vendor/bundle/ruby/2.1.0/gems/activerecord-4.1.4/lib/active_record/relation/delegation.rb:46:in `each'
/home/yuri/workspace/ruby/shipping_watcher/lib/tasks/shipping_watcher.rake:5:in `block (2 levels) in <top (required)>'
Tasks: TOP => shipping_watcher:status_change
(See full trace by running task with --trace)
Loading development environment
I, [2014-07-11T13:54:02.712000 #23215]  INFO -- : [Correios::SRO] Correios-SRO-XML Request:
POST http://websro.correios.com.br/sro_bin/sroii_xml.eventos
Usuario=ECT&Senha=SRO&Tipo=L&Resultado=U&Objetos=AA123456789BR


I, [2014-07-11T13:54:04.597108 #23215]  INFO -- : [Correios::SRO] Correios-SRO-XML Response:
HTTP/1.1 200 OK
<?xml version="1.0" encoding="iso-8859-1" ?>
<sroxml>
   <versao>1.0</versao>
   <qtd>1</qtd>
   <TipoPesquisa>Lista de Objetos</TipoPesquisa>
   <TipoResultado>ltimo evento</TipoResultado>
     <objeto>
       <numero>AA123456789BR</numero>
       <evento>
          <tipo>BDE</tipo>
          <status>01</status>
          <data>16/04/2014</data>
          <hora>18:56</hora>
          <descricao>Objeto entregue ao destinatrio</descricao>
          <recebedor>                                                                        </recebedor>
          <documento>                         </documento>
          <comentario>                         </comentario>
          <local>CDD ITAPETININGA</local>
          <codigo>18200971</codigo>
          <cidade>ITAPETININGA</cidade>
          <uf>SP</uf>
          <sto>74518003</sto>
      </evento>
     </objeto>
</sroxml>



[0;33m"new != old (changed)"[0m
rake aborted!
ActiveRecord::AssociationTypeMismatch: Status(#38433640) expected, got Fixnum(#18798040)
/home/yuri/workspace/ruby/shipping_watcher/vendor/bundle/ruby/2.1.0/gems/activerecord-4.1.4/lib/active_record/associations/association.rb:216:in `raise_on_type_mismatch!'
/home/yuri/workspace/ruby/shipping_watcher/vendor/bundle/ruby/2.1.0/gems/activerecord-4.1.4/lib/active_record/associations/belongs_to_association.rb:12:in `replace'
/home/yuri/workspace/ruby/shipping_watcher/vendor/bundle/ruby/2.1.0/gems/activerecord-4.1.4/lib/active_record/associations/singular_association.rb:17:in `writer'
/home/yuri/workspace/ruby/shipping_watcher/vendor/bundle/ruby/2.1.0/gems/activerecord-4.1.4/lib/active_record/associations/builder/association.rb:118:in `status='
/home/yuri/workspace/ruby/shipping_watcher/lib/shipping_watcher/tracker.rb:34:in `log!'
/home/yuri/workspace/ruby/shipping_watcher/lib/shipping_watcher/tracker.rb:48:in `status_changed?'
/home/yuri/workspace/ruby/shipping_watcher/lib/tasks/shipping_watcher.rake:7:in `block (3 levels) in <top (required)>'
/home/yuri/workspace/ruby/shipping_watcher/vendor/bundle/ruby/2.1.0/gems/activerecord-4.1.4/lib/active_record/relation/delegation.rb:46:in `each'
/home/yuri/workspace/ruby/shipping_watcher/vendor/bundle/ruby/2.1.0/gems/activerecord-4.1.4/lib/active_record/relation/delegation.rb:46:in `each'
/home/yuri/workspace/ruby/shipping_watcher/lib/tasks/shipping_watcher.rake:5:in `block (2 levels) in <top (required)>'
Tasks: TOP => shipping_watcher:status_change
(See full trace by running task with --trace)
Loading development environment
I, [2014-07-11T13:56:03.218938 #27398]  INFO -- : [Correios::SRO] Correios-SRO-XML Request:
POST http://websro.correios.com.br/sro_bin/sroii_xml.eventos
Usuario=ECT&Senha=SRO&Tipo=L&Resultado=U&Objetos=AA123456789BR


I, [2014-07-11T13:56:03.370777 #27398]  INFO -- : [Correios::SRO] Correios-SRO-XML Response:
HTTP/1.1 200 OK
<?xml version="1.0" encoding="iso-8859-1" ?>
<sroxml>
   <versao>1.0</versao>
   <qtd>1</qtd>
   <TipoPesquisa>Lista de Objetos</TipoPesquisa>
   <TipoResultado>ltimo evento</TipoResultado>
     <objeto>
       <numero>AA123456789BR</numero>
       <evento>
          <tipo>BDE</tipo>
          <status>01</status>
          <data>16/04/2014</data>
          <hora>18:56</hora>
          <descricao>Objeto entregue ao destinatrio</descricao>
          <recebedor>                                                                        </recebedor>
          <documento>                         </documento>
          <comentario>                         </comentario>
          <local>CDD ITAPETININGA</local>
          <codigo>18200971</codigo>
          <cidade>ITAPETININGA</cidade>
          <uf>SP</uf>
          <sto>74518003</sto>
      </evento>
     </objeto>
</sroxml>



[0;33m"new != old (changed)"[0m
Loading development environment
I, [2014-07-11T13:58:02.916447 #31571]  INFO -- : [Correios::SRO] Correios-SRO-XML Request:
POST http://websro.correios.com.br/sro_bin/sroii_xml.eventos
Usuario=ECT&Senha=SRO&Tipo=L&Resultado=U&Objetos=AA123456789BR


I, [2014-07-11T13:58:03.173271 #31571]  INFO -- : [Correios::SRO] Correios-SRO-XML Response:
HTTP/1.1 200 OK
<?xml version="1.0" encoding="iso-8859-1" ?>
<sroxml>
   <versao>1.0</versao>
   <qtd>1</qtd>
   <TipoPesquisa>Lista de Objetos</TipoPesquisa>
   <TipoResultado>ltimo evento</TipoResultado>
     <objeto>
       <numero>AA123456789BR</numero>
       <evento>
          <tipo>BDE</tipo>
          <status>01</status>
          <data>16/04/2014</data>
          <hora>18:56</hora>
          <descricao>Objeto entregue ao destinatrio</descricao>
          <recebedor>                                                                        </recebedor>
          <documento>                         </documento>
          <comentario>                         </comentario>
          <local>CDD ITAPETININGA</local>
          <codigo>18200971</codigo>
          <cidade>ITAPETININGA</cidade>
          <uf>SP</uf>
          <sto>74518003</sto>
      </evento>
     </objeto>
</sroxml>



#<Status:0x00000001fe0af0> {
            :id[0;37m => [0m[1;34m1[0m,
          :name[0;37m => [0m[0;33m"shipped"[0m,
    :created_at[0;37m => [0m[0;32m2014-07-03 13:38:25 UTC[0m,
    :updated_at[0;37m => [0m[0;32m2014-07-03 13:38:25 UTC[0m
}
[1;34m3[0m
